<?xml version="1.0" encoding="UTF-8"?>
<!-- Generated by org.testng.reporters.JUnitReportReporter -->
<testsuite skipped="0" hostname="LAPTOP-JT0RB6IE" name="test.SumValidation" tests="1" failures="0" timestamp="2021-11-30T21:16:24 IST" time="1.419" errors="0">
  <testcase name="SumValidationMethod" time="1.419" classname="test.SumValidation"/>
  <system-out/>
</testsuite> <!-- test.SumValidation -->
