<?xml version="1.0" encoding="UTF-8"?>
<!-- Generated by org.testng.reporters.JUnitReportReporter -->
<testsuite skipped="0" hostname="LAPTOP-JT0RB6IE" name="test.DynamicJson" tests="1" failures="0" timestamp="2021-12-01T15:43:04 IST" time="2.396" errors="0">
  <testcase name="AddBook" time="2.396" classname="test.DynamicJson"/>
  <system-out/>
</testsuite> <!-- test.DynamicJson -->
